<?xml version="1.0" encoding="UTF-8"?>
<!-- Generated by org.testng.reporters.JUnitReportReporter -->
<testsuite hostname="IRENEs-MacBook-Pro.local" failures="0" tests="4" name="airlanes.AirlaneTest" time="2.098" errors="0" timestamp="2022-03-10T15:13:40 CST" skipped="3">
  <testcase classname="airlanes.AirlaneTest" name="endToEnd" time="2.098"/>
  <system-out/>
  <testcase classname="airlanes.AirlaneTest" name="getAirlanes">
    <skipped/>
  </testcase> <!-- getAirlanes -->
  <system-out/>
  <testcase classname="airlanes.AirlaneTest" name="createAirlane">
    <skipped/>
  </testcase> <!-- createAirlane -->
  <system-out/>
  <testcase classname="airlanes.AirlaneTest" name="getAirlines">
    <skipped/>
  </testcase> <!-- getAirlines -->
  <system-out/>
</testsuite> <!-- airlanes.AirlaneTest -->
